[Info  - 12:58:13 PM] ESLint server stopped.
[Info  - 12:58:13 PM] ESLint server running in node v12.4.0
[Info  - 12:58:13 PM] ESLint server is running.
[Info  - 12:58:13 PM] ESLint library loaded from: /Users/avinoam/Documents/vidly/node_modules/eslint/lib/api.js
[Info  - 12:58:13 PM] Failed to load plugin 'import' declared in 'vidly/package.json » eslint-config-react-app': Cannot find module 'eslint-plugin-import' Require stack: - /Users/avinoam/Documents/__placeholder__.js
[Info  - 12:58:53 PM] Failed to load plugin 'import' declared in 'vidly/package.json » eslint-config-react-app': Cannot find module 'eslint-plugin-import' Require stack: - /Users/avinoam/Documents/__placeholder__.js
[Info  - 12:58:54 PM] Failed to load plugin 'import' declared in 'vidly/package.json » eslint-config-react-app': Cannot find module 'eslint-plugin-import' Require stack: - /Users/avinoam/Documents/__placeholder__.js
[Info  - 12:58:56 PM] Failed to load plugin 'import' declared in 'vidly/package.json » eslint-config-react-app': Cannot find module 'eslint-plugin-import' Require stack: - /Users/avinoam/Documents/__placeholder__.js
[Info  - 12:58:56 PM] Failed to load plugin 'import' declared in 'vidly/package.json » eslint-config-react-app': Cannot find module 'eslint-plugin-import' Require stack: - /Users/avinoam/Documents/__placeholder__.js
[Info  - 12:58:58 PM] Failed to load plugin 'import' declared in 'vidly/package.json » eslint-config-react-app': Cannot find module 'eslint-plugin-import' Require stack: - /Users/avinoam/Documents/__placeholder__.js
[Info  - 12:58:58 PM] Failed to load plugin 'import' declared in 'vidly/package.json » eslint-config-react-app': Cannot find module 'eslint-plugin-import' Require stack: - /Users/avinoam/Documents/__placeholder__.js
[Info  - 12:58:59 PM] Failed to load plugin 'import' declared in 'vidly/package.json » eslint-config-react-app': Cannot find module 'eslint-plugin-import' Require stack: - /Users/avinoam/Documents/__placeholder__.js
[Info  - 12:58:59 PM] Failed to load plugin 'import' declared in 'vidly/package.json » eslint-config-react-app': Cannot find module 'eslint-plugin-import' Require stack: - /Users/avinoam/Documents/__placeholder__.js
[Info  - 12:58:59 PM] Failed to load plugin 'import' declared in 'vidly/package.json » eslint-config-react-app': Cannot find module 'eslint-plugin-import' Require stack: - /Users/avinoam/Documents/__placeholder__.js
[Info  - 12:59:00 PM] Failed to load plugin 'import' declared in 'vidly/package.json » eslint-config-react-app': Cannot find module 'eslint-plugin-import' Require stack: - /Users/avinoam/Documents/__placeholder__.js
[Info  - 12:59:00 PM] Failed to load plugin 'import' declared in 'vidly/package.json » eslint-config-react-app': Cannot find module 'eslint-plugin-import' Require stack: - /Users/avinoam/Documents/__placeholder__.js
[Info  - 12:59:00 PM] Failed to load plugin 'import' declared in 'vidly/package.json » eslint-config-react-app': Cannot find module 'eslint-plugin-import' Require stack: - /Users/avinoam/Documents/__placeholder__.js
[Info  - 12:59:00 PM] Failed to load plugin 'import' declared in 'vidly/package.json » eslint-config-react-app': Cannot find module 'eslint-plugin-import' Require stack: - /Users/avinoam/Documents/__placeholder__.js
[Info  - 12:59:00 PM] Failed to load plugin 'import' declared in 'vidly/package.json » eslint-config-react-app': Cannot find module 'eslint-plugin-import' Require stack: - /Users/avinoam/Documents/__placeholder__.js
[Info  - 12:59:01 PM] Failed to load plugin 'import' declared in 'vidly/package.json » eslint-config-react-app': Cannot find module 'eslint-plugin-import' Require stack: - /Users/avinoam/Documents/__placeholder__.js
[Info  - 12:59:01 PM] Failed to load plugin 'import' declared in 'vidly/package.json » eslint-config-react-app': Cannot find module 'eslint-plugin-import' Require stack: - /Users/avinoam/Documents/__placeholder__.js
[Info  - 12:59:01 PM] Failed to load plugin 'import' declared in 'vidly/package.json » eslint-config-react-app': Cannot find module 'eslint-plugin-import' Require stack: - /Users/avinoam/Documents/__placeholder__.js
[Info  - 12:59:10 PM] Failed to load plugin 'import' declared in 'vidly/package.json » eslint-config-react-app': Cannot find module 'eslint-plugin-import' Require stack: - /Users/avinoam/Documents/__placeholder__.js
[Info  - 12:59:44 PM] Failed to load plugin 'import' declared in 'vidly/package.json » eslint-config-react-app': Cannot find module 'eslint-plugin-import' Require stack: - /Users/avinoam/Documents/__placeholder__.js
[Info  - 12:59:45 PM] Failed to load plugin 'import' declared in 'vidly/package.json » eslint-config-react-app': Cannot find module 'eslint-plugin-import' Require stack: - /Users/avinoam/Documents/__placeholder__.js
[Info  - 1:00:16 PM] Failed to load plugin 'import' declared in 'vidly/package.json » eslint-config-react-app': Cannot find module 'eslint-plugin-import' Require stack: - /Users/avinoam/Documents/__placeholder__.js
[Info  - 1:00:17 PM] Failed to load plugin 'import' declared in 'vidly/package.json » eslint-config-react-app': Cannot find module 'eslint-plugin-import' Require stack: - /Users/avinoam/Documents/__placeholder__.js
[Info  - 1:00:17 PM] Failed to load plugin 'import' declared in 'vidly/package.json » eslint-config-react-app': Cannot find module 'eslint-plugin-import' Require stack: - /Users/avinoam/Documents/__placeholder__.js
[Info  - 1:00:17 PM] Failed to load plugin 'import' declared in 'vidly/package.json » eslint-config-react-app': Cannot find module 'eslint-plugin-import' Require stack: - /Users/avinoam/Documents/__placeholder__.js
[Info  - 1:00:17 PM] Failed to load plugin 'import' declared in 'vidly/package.json » eslint-config-react-app': Cannot find module 'eslint-plugin-import' Require stack: - /Users/avinoam/Documents/__placeholder__.js
[Info  - 1:00:17 PM] Failed to load plugin 'import' declared in 'vidly/package.json » eslint-config-react-app': Cannot find module 'eslint-plugin-import' Require stack: - /Users/avinoam/Documents/__placeholder__.js
[Info  - 1:00:17 PM] Failed to load plugin 'import' declared in 'vidly/package.json » eslint-config-react-app': Cannot find module 'eslint-plugin-import' Require stack: - /Users/avinoam/Documents/__placeholder__.js
[Info  - 1:00:17 PM] Failed to load plugin 'import' declared in 'vidly/package.json » eslint-config-react-app': Cannot find module 'eslint-plugin-import' Require stack: - /Users/avinoam/Documents/__placeholder__.js
[Info  - 1:00:17 PM] Failed to load plugin 'import' declared in 'vidly/package.json » eslint-config-react-app': Cannot find module 'eslint-plugin-import' Require stack: - /Users/avinoam/Documents/__placeholder__.js
[Info  - 1:00:17 PM] Failed to load plugin 'import' declared in 'vidly/package.json » eslint-config-react-app': Cannot find module 'eslint-plugin-import' Require stack: - /Users/avinoam/Documents/__placeholder__.js
[Info  - 1:00:18 PM] Failed to load plugin 'import' declared in 'vidly/package.json » eslint-config-react-app': Cannot find module 'eslint-plugin-import' Require stack: - /Users/avinoam/Documents/__placeholder__.js
[Info  - 1:00:18 PM] Failed to load plugin 'import' declared in 'vidly/package.json » eslint-config-react-app': Cannot find module 'eslint-plugin-import' Require stack: - /Users/avinoam/Documents/__placeholder__.js
[Info  - 1:00:18 PM] Failed to load plugin 'import' declared in 'vidly/package.json » eslint-config-react-app': Cannot find module 'eslint-plugin-import' Require stack: - /Users/avinoam/Documents/__placeholder__.js
[Info  - 1:00:18 PM] Failed to load plugin 'import' declared in 'vidly/package.json » eslint-config-react-app': Cannot find module 'eslint-plugin-import' Require stack: - /Users/avinoam/Documents/__placeholder__.js
[Info  - 1:00:18 PM] Failed to load plugin 'import' declared in 'vidly/package.json » eslint-config-react-app': Cannot find module 'eslint-plugin-import' Require stack: - /Users/avinoam/Documents/__placeholder__.js
[Info  - 1:00:18 PM] Failed to load plugin 'import' declared in 'vidly/package.json » eslint-config-react-app': Cannot find module 'eslint-plugin-import' Require stack: - /Users/avinoam/Documents/__placeholder__.js
[Info  - 1:00:19 PM] Failed to load plugin 'import' declared in 'vidly/package.json » eslint-config-react-app': Cannot find module 'eslint-plugin-import' Require stack: - /Users/avinoam/Documents/__placeholder__.js
[Info  - 1:00:19 PM] Failed to load plugin 'import' declared in 'vidly/package.json » eslint-config-react-app': Cannot find module 'eslint-plugin-import' Require stack: - /Users/avinoam/Documents/__placeholder__.js
[Info  - 1:00:19 PM] Failed to load plugin 'import' declared in 'vidly/package.json » eslint-config-react-app': Cannot find module 'eslint-plugin-import' Require stack: - /Users/avinoam/Documents/__placeholder__.js
[Info  - 1:00:35 PM] Failed to load plugin 'import' declared in 'vidly/package.json » eslint-config-react-app': Cannot find module 'eslint-plugin-import' Require stack: - /Users/avinoam/Documents/__placeholder__.js
[Info  - 1:00:35 PM] Failed to load plugin 'import' declared in 'vidly/package.json » eslint-config-react-app': Cannot find module 'eslint-plugin-import' Require stack: - /Users/avinoam/Documents/__placeholder__.js
[Info  - 1:00:35 PM] Failed to load plugin 'import' declared in 'vidly/package.json » eslint-config-react-app': Cannot find module 'eslint-plugin-import' Require stack: - /Users/avinoam/Documents/__placeholder__.js
[Info  - 1:00:36 PM] Failed to load plugin 'import' declared in 'vidly/package.json » eslint-config-react-app': Cannot find module 'eslint-plugin-import' Require stack: - /Users/avinoam/Documents/__placeholder__.js
[Info  - 1:00:36 PM] Failed to load plugin 'import' declared in 'vidly/package.json » eslint-config-react-app': Cannot find module 'eslint-plugin-import' Require stack: - /Users/avinoam/Documents/__placeholder__.js
[Info  - 1:00:36 PM] Failed to load plugin 'import' declared in 'vidly/package.json » eslint-config-react-app': Cannot find module 'eslint-plugin-import' Require stack: - /Users/avinoam/Documents/__placeholder__.js
[Info  - 1:00:36 PM] Failed to load plugin 'import' declared in 'vidly/package.json » eslint-config-react-app': Cannot find module 'eslint-plugin-import' Require stack: - /Users/avinoam/Documents/__placeholder__.js
[Info  - 1:00:39 PM] Failed to load plugin 'import' declared in 'vidly/package.json » eslint-config-react-app': Cannot find module 'eslint-plugin-import' Require stack: - /Users/avinoam/Documents/__placeholder__.js
[Info  - 1:00:39 PM] Failed to load plugin 'import' declared in 'vidly/package.json » eslint-config-react-app': Cannot find module 'eslint-plugin-import' Require stack: - /Users/avinoam/Documents/__placeholder__.js
[Info  - 1:00:39 PM] Failed to load plugin 'import' declared in 'vidly/package.json » eslint-config-react-app': Cannot find module 'eslint-plugin-import' Require stack: - /Users/avinoam/Documents/__placeholder__.js
[Info  - 1:00:39 PM] Failed to load plugin 'import' declared in 'vidly/package.json » eslint-config-react-app': Cannot find module 'eslint-plugin-import' Require stack: - /Users/avinoam/Documents/__placeholder__.js
[Info  - 1:00:39 PM] Failed to load plugin 'import' declared in 'vidly/package.json » eslint-config-react-app': Cannot find module 'eslint-plugin-import' Require stack: - /Users/avinoam/Documents/__placeholder__.js
[Info  - 1:00:40 PM] Failed to load plugin 'import' declared in 'vidly/package.json » eslint-config-react-app': Cannot find module 'eslint-plugin-import' Require stack: - /Users/avinoam/Documents/__placeholder__.js
[Info  - 1:00:40 PM] Failed to load plugin 'import' declared in 'vidly/package.json » eslint-config-react-app': Cannot find module 'eslint-plugin-import' Require stack: - /Users/avinoam/Documents/__placeholder__.js
[Info  - 1:01:03 PM] Failed to load plugin 'import' declared in 'vidly/package.json » eslint-config-react-app': Cannot find module 'eslint-plugin-import' Require stack: - /Users/avinoam/Documents/__placeholder__.js
[Info  - 1:01:35 PM] Failed to load plugin 'import' declared in 'vidly/package.json » eslint-config-react-app': Cannot find module 'eslint-plugin-import' Require stack: - /Users/avinoam/Documents/__placeholder__.js
[Info  - 1:01:41 PM] Failed to load plugin 'import' declared in 'vidly/package.json » eslint-config-react-app': Cannot find module 'eslint-plugin-import' Require stack: - /Users/avinoam/Documents/__placeholder__.js
[Info  - 1:01:41 PM] Failed to load plugin 'import' declared in 'vidly/package.json » eslint-config-react-app': Cannot find module 'eslint-plugin-import' Require stack: - /Users/avinoam/Documents/__placeholder__.js
[Info  - 1:01:41 PM] Failed to load plugin 'import' declared in 'vidly/package.json » eslint-config-react-app': Cannot find module 'eslint-plugin-import' Require stack: - /Users/avinoam/Documents/__placeholder__.js
[Info  - 1:01:41 PM] Failed to load plugin 'import' declared in 'vidly/package.json » eslint-config-react-app': Cannot find module 'eslint-plugin-import' Require stack: - /Users/avinoam/Documents/__placeholder__.js
[Info  - 1:01:42 PM] Failed to load plugin 'import' declared in 'vidly/package.json » eslint-config-react-app': Cannot find module 'eslint-plugin-import' Require stack: - /Users/avinoam/Documents/__placeholder__.js
[Info  - 1:01:42 PM] Failed to load plugin 'import' declared in 'vidly/package.json » eslint-config-react-app': Cannot find module 'eslint-plugin-import' Require stack: - /Users/avinoam/Documents/__placeholder__.js
[Info  - 1:01:42 PM] Failed to load plugin 'import' declared in 'vidly/package.json » eslint-config-react-app': Cannot find module 'eslint-plugin-import' Require stack: - /Users/avinoam/Documents/__placeholder__.js
[Info  - 1:01:42 PM] Failed to load plugin 'import' declared in 'vidly/package.json » eslint-config-react-app': Cannot find module 'eslint-plugin-import' Require stack: - /Users/avinoam/Documents/__placeholder__.js
[Info  - 1:01:44 PM] Failed to load plugin 'import' declared in 'vidly/package.json » eslint-config-react-app': Cannot find module 'eslint-plugin-import' Require stack: - /Users/avinoam/Documents/__placeholder__.js
[Info  - 1:01:44 PM] Failed to load plugin 'import' declared in 'vidly/package.json » eslint-config-react-app': Cannot find module 'eslint-plugin-import' Require stack: - /Users/avinoam/Documents/__placeholder__.js
[Info  - 1:01:44 PM] Failed to load plugin 'import' declared in 'vidly/package.json » eslint-config-react-app': Cannot find module 'eslint-plugin-import' Require stack: - /Users/avinoam/Documents/__placeholder__.js
[Info  - 1:01:44 PM] Failed to load plugin 'import' declared in 'vidly/package.json » eslint-config-react-app': Cannot find module 'eslint-plugin-import' Require stack: - /Users/avinoam/Documents/__placeholder__.js
[Info  - 1:01:44 PM] Failed to load plugin 'import' declared in 'vidly/package.json » eslint-config-react-app': Cannot find module 'eslint-plugin-import' Require stack: - /Users/avinoam/Documents/__placeholder__.js
[Info  - 1:01:44 PM] Failed to load plugin 'import' declared in 'vidly/package.json » eslint-config-react-app': Cannot find module 'eslint-plugin-import' Require stack: - /Users/avinoam/Documents/__placeholder__.js
[Info  - 1:01:44 PM] Failed to load plugin 'import' declared in 'vidly/package.json » eslint-config-react-app': Cannot find module 'eslint-plugin-import' Require stack: - /Users/avinoam/Documents/__placeholder__.js
[Info  - 1:01:45 PM] Failed to load plugin 'import' declared in 'vidly/package.json » eslint-config-react-app': Cannot find module 'eslint-plugin-import' Require stack: - /Users/avinoam/Documents/__placeholder__.js
[Info  - 1:01:45 PM] Failed to load plugin 'import' declared in 'vidly/package.json » eslint-config-react-app': Cannot find module 'eslint-plugin-import' Require stack: - /Users/avinoam/Documents/__placeholder__.js
[Info  - 1:01:45 PM] Failed to load plugin 'import' declared in 'vidly/package.json » eslint-config-react-app': Cannot find module 'eslint-plugin-import' Require stack: - /Users/avinoam/Documents/__placeholder__.js
[Info  - 1:01:45 PM] Failed to load plugin 'import' declared in 'vidly/package.json » eslint-config-react-app': Cannot find module 'eslint-plugin-import' Require stack: - /Users/avinoam/Documents/__placeholder__.js
[Info  - 1:01:45 PM] Failed to load plugin 'import' declared in 'vidly/package.json » eslint-config-react-app': Cannot find module 'eslint-plugin-import' Require stack: - /Users/avinoam/Documents/__placeholder__.js
[Info  - 1:01:46 PM] Failed to load plugin 'import' declared in 'vidly/package.json » eslint-config-react-app': Cannot find module 'eslint-plugin-import' Require stack: - /Users/avinoam/Documents/__placeholder__.js
[Info  - 1:01:46 PM] Failed to load plugin 'import' declared in 'vidly/package.json » eslint-config-react-app': Cannot find module 'eslint-plugin-import' Require stack: - /Users/avinoam/Documents/__placeholder__.js
[Info  - 1:01:46 PM] Failed to load plugin 'import' declared in 'vidly/package.json » eslint-config-react-app': Cannot find module 'eslint-plugin-import' Require stack: - /Users/avinoam/Documents/__placeholder__.js
[Info  - 1:01:46 PM] Failed to load plugin 'import' declared in 'vidly/package.json » eslint-config-react-app': Cannot find module 'eslint-plugin-import' Require stack: - /Users/avinoam/Documents/__placeholder__.js
[Info  - 1:01:46 PM] Failed to load plugin 'import' declared in 'vidly/package.json » eslint-config-react-app': Cannot find module 'eslint-plugin-import' Require stack: - /Users/avinoam/Documents/__placeholder__.js
[Info  - 1:01:46 PM] Failed to load plugin 'import' declared in 'vidly/package.json » eslint-config-react-app': Cannot find module 'eslint-plugin-import' Require stack: - /Users/avinoam/Documents/__placeholder__.js
[Info  - 1:01:47 PM] Failed to load plugin 'import' declared in 'vidly/package.json » eslint-config-react-app': Cannot find module 'eslint-plugin-import' Require stack: - /Users/avinoam/Documents/__placeholder__.js
[Info  - 1:01:47 PM] Failed to load plugin 'import' declared in 'vidly/package.json » eslint-config-react-app': Cannot find module 'eslint-plugin-import' Require stack: - /Users/avinoam/Documents/__placeholder__.js
[Info  - 1:01:47 PM] Failed to load plugin 'import' declared in 'vidly/package.json » eslint-config-react-app': Cannot find module 'eslint-plugin-import' Require stack: - /Users/avinoam/Documents/__placeholder__.js
[Info  - 1:01:47 PM] Failed to load plugin 'import' declared in 'vidly/package.json » eslint-config-react-app': Cannot find module 'eslint-plugin-import' Require stack: - /Users/avinoam/Documents/__placeholder__.js
[Info  - 1:01:47 PM] Failed to load plugin 'import' declared in 'vidly/package.json » eslint-config-react-app': Cannot find module 'eslint-plugin-import' Require stack: - /Users/avinoam/Documents/__placeholder__.js
[Info  - 1:01:47 PM] Failed to load plugin 'import' declared in 'vidly/package.json » eslint-config-react-app': Cannot find module 'eslint-plugin-import' Require stack: - /Users/avinoam/Documents/__placeholder__.js
[Info  - 1:01:47 PM] Failed to load plugin 'import' declared in 'vidly/package.json » eslint-config-react-app': Cannot find module 'eslint-plugin-import' Require stack: - /Users/avinoam/Documents/__placeholder__.js
[Info  - 1:01:49 PM] Failed to load plugin 'import' declared in 'vidly/package.json » eslint-config-react-app': Cannot find module 'eslint-plugin-import' Require stack: - /Users/avinoam/Documents/__placeholder__.js
[Info  - 1:02:38 PM] Failed to load plugin 'import' declared in 'vidly/package.json » eslint-config-react-app': Cannot find module 'eslint-plugin-import' Require stack: - /Users/avinoam/Documents/__placeholder__.js
[Info  - 1:02:38 PM] Failed to load plugin 'import' declared in 'vidly/package.json » eslint-config-react-app': Cannot find module 'eslint-plugin-import' Require stack: - /Users/avinoam/Documents/__placeholder__.js
[Info  - 1:02:38 PM] Failed to load plugin 'import' declared in 'vidly/package.json » eslint-config-react-app': Cannot find module 'eslint-plugin-import' Require stack: - /Users/avinoam/Documents/__placeholder__.js
[Info  - 1:02:40 PM] Failed to load plugin 'import' declared in 'vidly/package.json » eslint-config-react-app': Cannot find module 'eslint-plugin-import' Require stack: - /Users/avinoam/Documents/__placeholder__.js
[Info  - 1:02:41 PM] Failed to load plugin 'import' declared in 'vidly/package.json » eslint-config-react-app': Cannot find module 'eslint-plugin-import' Require stack: - /Users/avinoam/Documents/__placeholder__.js
[Info  - 1:03:04 PM] Failed to load plugin 'import' declared in 'vidly/package.json » eslint-config-react-app': Cannot find module 'eslint-plugin-import' Require stack: - /Users/avinoam/Documents/__placeholder__.js
[Info  - 1:03:13 PM] Failed to load plugin 'import' declared in 'vidly/package.json » eslint-config-react-app': Cannot find module 'eslint-plugin-import' Require stack: - /Users/avinoam/Documents/__placeholder__.js
