[2020-02-19 12:57:25.111] [exthost] [info] extension host started
[2020-02-19 12:57:25.130] [exthost] [info] ExtensionService#_doActivateExtension vscode.debug-auto-launch {"startup":true,"extensionId":{"value":"vscode.debug-auto-launch","_lower":"vscode.debug-auto-launch"},"activationEvent":"*"}
[2020-02-19 12:57:25.131] [exthost] [info] ExtensionService#loadCommonJSModule file:///private/var/folders/4z/rphym1rd4nv2xqsmj510pdzw0000gn/T/AppTranslocation/73A06CEE-B223-46E0-850B-940625334C5A/d/Visual Studio Code.app/Contents/Resources/app/extensions/debug-auto-launch/dist/extension
[2020-02-19 12:57:25.135] [exthost] [info] ExtensionService#_doActivateExtension vscode.emmet {"startup":true,"extensionId":{"value":"vscode.emmet","_lower":"vscode.emmet"},"activationEvent":"*"}
[2020-02-19 12:57:25.135] [exthost] [info] ExtensionService#loadCommonJSModule file:///private/var/folders/4z/rphym1rd4nv2xqsmj510pdzw0000gn/T/AppTranslocation/73A06CEE-B223-46E0-850B-940625334C5A/d/Visual Studio Code.app/Contents/Resources/app/extensions/emmet/dist/extension
[2020-02-19 12:57:25.155] [exthost] [info] ExtensionService#_doActivateExtension vscode.git {"startup":true,"extensionId":{"value":"vscode.git","_lower":"vscode.git"},"activationEvent":"*"}
[2020-02-19 12:57:25.155] [exthost] [info] ExtensionService#loadCommonJSModule file:///private/var/folders/4z/rphym1rd4nv2xqsmj510pdzw0000gn/T/AppTranslocation/73A06CEE-B223-46E0-850B-940625334C5A/d/Visual Studio Code.app/Contents/Resources/app/extensions/git/dist/main
[2020-02-19 12:57:25.194] [exthost] [info] ExtensionService#_doActivateExtension vscode.merge-conflict {"startup":true,"extensionId":{"value":"vscode.merge-conflict","_lower":"vscode.merge-conflict"},"activationEvent":"*"}
[2020-02-19 12:57:25.194] [exthost] [info] ExtensionService#loadCommonJSModule file:///private/var/folders/4z/rphym1rd4nv2xqsmj510pdzw0000gn/T/AppTranslocation/73A06CEE-B223-46E0-850B-940625334C5A/d/Visual Studio Code.app/Contents/Resources/app/extensions/merge-conflict/dist/extension
[2020-02-19 12:57:25.198] [exthost] [info] ExtensionService#_doActivateExtension vscode.search-result {"startup":true,"extensionId":{"value":"vscode.search-result","_lower":"vscode.search-result"},"activationEvent":"*"}
[2020-02-19 12:57:25.198] [exthost] [info] ExtensionService#loadCommonJSModule file:///private/var/folders/4z/rphym1rd4nv2xqsmj510pdzw0000gn/T/AppTranslocation/73A06CEE-B223-46E0-850B-940625334C5A/d/Visual Studio Code.app/Contents/Resources/app/extensions/search-result/dist/extension.js
[2020-02-19 12:57:25.199] [exthost] [info] ExtensionService#_doActivateExtension dbaeumer.vscode-eslint {"startup":true,"extensionId":{"value":"dbaeumer.vscode-eslint","_lower":"dbaeumer.vscode-eslint"},"activationEvent":"*"}
[2020-02-19 12:57:25.199] [exthost] [info] ExtensionService#loadCommonJSModule file:///Users/avinoam/.vscode/extensions/dbaeumer.vscode-eslint-2.0.15/client/out/extension
[2020-02-19 12:57:25.212] [exthost] [info] ExtensionService#_doActivateExtension ms-vscode.azure-account {"startup":true,"extensionId":{"value":"vsciot-vscode.azure-iot-toolkit","_lower":"vsciot-vscode.azure-iot-toolkit"},"activationEvent":"*"}
[2020-02-19 12:57:25.212] [exthost] [info] ExtensionService#loadCommonJSModule file:///Users/avinoam/.vscode/extensions/ms-vscode.azure-account-0.8.8/dist/extension
[2020-02-19 12:57:25.332] [exthost] [info] eager extensions activated
[2020-02-19 12:57:25.410] [exthost] [info] ExtensionService#_doActivateExtension ms-azure-devops.azure-pipelines {"startup":true,"extensionId":{"value":"ms-azure-devops.azure-pipelines","_lower":"ms-azure-devops.azure-pipelines"},"activationEvent":"*"}
[2020-02-19 12:57:25.410] [exthost] [info] ExtensionService#loadCommonJSModule file:///Users/avinoam/.vscode/extensions/ms-azure-devops.azure-pipelines-1.165.1/out/extension
[2020-02-19 12:57:26.226] [exthost] [info] ExtensionService#_doActivateExtension vsciot-vscode.azure-iot-toolkit {"startup":true,"extensionId":{"value":"vsciot-vscode.azure-iot-toolkit","_lower":"vsciot-vscode.azure-iot-toolkit"},"activationEvent":"*"}
[2020-02-19 12:57:26.226] [exthost] [info] ExtensionService#loadCommonJSModule file:///Users/avinoam/.vscode/extensions/vsciot-vscode.azure-iot-toolkit-2.16.0/dist/extension
[2020-02-19 12:57:46.986] [exthost] [info] extension host started
[2020-02-19 12:57:47.017] [exthost] [info] ExtensionService#_doActivateExtension vscode.debug-auto-launch {"startup":true,"extensionId":{"value":"vscode.debug-auto-launch","_lower":"vscode.debug-auto-launch"},"activationEvent":"*"}
[2020-02-19 12:57:47.017] [exthost] [info] ExtensionService#loadCommonJSModule file:///private/var/folders/4z/rphym1rd4nv2xqsmj510pdzw0000gn/T/AppTranslocation/73A06CEE-B223-46E0-850B-940625334C5A/d/Visual Studio Code.app/Contents/Resources/app/extensions/debug-auto-launch/dist/extension
[2020-02-19 12:57:47.020] [exthost] [info] ExtensionService#_doActivateExtension vscode.emmet {"startup":true,"extensionId":{"value":"vscode.emmet","_lower":"vscode.emmet"},"activationEvent":"*"}
[2020-02-19 12:57:47.020] [exthost] [info] ExtensionService#loadCommonJSModule file:///private/var/folders/4z/rphym1rd4nv2xqsmj510pdzw0000gn/T/AppTranslocation/73A06CEE-B223-46E0-850B-940625334C5A/d/Visual Studio Code.app/Contents/Resources/app/extensions/emmet/dist/extension
[2020-02-19 12:57:47.028] [exthost] [info] ExtensionService#_doActivateExtension vscode.git {"startup":true,"extensionId":{"value":"vscode.git","_lower":"vscode.git"},"activationEvent":"*"}
[2020-02-19 12:57:47.028] [exthost] [info] ExtensionService#loadCommonJSModule file:///private/var/folders/4z/rphym1rd4nv2xqsmj510pdzw0000gn/T/AppTranslocation/73A06CEE-B223-46E0-850B-940625334C5A/d/Visual Studio Code.app/Contents/Resources/app/extensions/git/dist/main
[2020-02-19 12:57:47.041] [exthost] [info] ExtensionService#_doActivateExtension vscode.merge-conflict {"startup":true,"extensionId":{"value":"vscode.merge-conflict","_lower":"vscode.merge-conflict"},"activationEvent":"*"}
[2020-02-19 12:57:47.041] [exthost] [info] ExtensionService#loadCommonJSModule file:///private/var/folders/4z/rphym1rd4nv2xqsmj510pdzw0000gn/T/AppTranslocation/73A06CEE-B223-46E0-850B-940625334C5A/d/Visual Studio Code.app/Contents/Resources/app/extensions/merge-conflict/dist/extension
[2020-02-19 12:57:47.043] [exthost] [info] ExtensionService#_doActivateExtension vscode.search-result {"startup":true,"extensionId":{"value":"vscode.search-result","_lower":"vscode.search-result"},"activationEvent":"*"}
[2020-02-19 12:57:47.043] [exthost] [info] ExtensionService#loadCommonJSModule file:///private/var/folders/4z/rphym1rd4nv2xqsmj510pdzw0000gn/T/AppTranslocation/73A06CEE-B223-46E0-850B-940625334C5A/d/Visual Studio Code.app/Contents/Resources/app/extensions/search-result/dist/extension.js
[2020-02-19 12:57:47.044] [exthost] [info] ExtensionService#_doActivateExtension dbaeumer.vscode-eslint {"startup":true,"extensionId":{"value":"dbaeumer.vscode-eslint","_lower":"dbaeumer.vscode-eslint"},"activationEvent":"*"}
[2020-02-19 12:57:47.044] [exthost] [info] ExtensionService#loadCommonJSModule file:///Users/avinoam/.vscode/extensions/dbaeumer.vscode-eslint-2.0.15/client/out/extension
[2020-02-19 12:57:47.048] [exthost] [info] ExtensionService#_doActivateExtension ms-vscode.azure-account {"startup":true,"extensionId":{"value":"vsciot-vscode.azure-iot-toolkit","_lower":"vsciot-vscode.azure-iot-toolkit"},"activationEvent":"*"}
[2020-02-19 12:57:47.048] [exthost] [info] ExtensionService#loadCommonJSModule file:///Users/avinoam/.vscode/extensions/ms-vscode.azure-account-0.8.8/dist/extension
[2020-02-19 12:57:47.178] [exthost] [info] ExtensionService#_doActivateExtension ms-azure-devops.azure-pipelines {"startup":true,"extensionId":{"value":"ms-azure-devops.azure-pipelines","_lower":"ms-azure-devops.azure-pipelines"},"activationEvent":"*"}
[2020-02-19 12:57:47.178] [exthost] [info] ExtensionService#loadCommonJSModule file:///Users/avinoam/.vscode/extensions/ms-azure-devops.azure-pipelines-1.165.1/out/extension
[2020-02-19 12:57:47.791] [exthost] [info] ExtensionService#_doActivateExtension vsciot-vscode.azure-iot-toolkit {"startup":true,"extensionId":{"value":"vsciot-vscode.azure-iot-toolkit","_lower":"vsciot-vscode.azure-iot-toolkit"},"activationEvent":"*"}
[2020-02-19 12:57:47.791] [exthost] [info] ExtensionService#loadCommonJSModule file:///Users/avinoam/.vscode/extensions/vsciot-vscode.azure-iot-toolkit-2.16.0/dist/extension
[2020-02-19 12:57:47.897] [exthost] [info] eager extensions activated
[2020-02-19 12:58:13.092] [exthost] [info] ExtensionService#_doActivateExtension vscode.typescript-language-features {"startup":false,"extensionId":{"value":"vscode.typescript-language-features","_lower":"vscode.typescript-language-features"},"activationEvent":"onLanguage:javascriptreact"}
[2020-02-19 12:58:13.092] [exthost] [info] ExtensionService#loadCommonJSModule file:///private/var/folders/4z/rphym1rd4nv2xqsmj510pdzw0000gn/T/AppTranslocation/73A06CEE-B223-46E0-850B-940625334C5A/d/Visual Studio Code.app/Contents/Resources/app/extensions/typescript-language-features/dist/extension
[2020-02-19 13:01:11.270] [exthost] [info] ExtensionService#_doActivateExtension vscode.extension-editing {"startup":false,"extensionId":{"value":"vscode.extension-editing","_lower":"vscode.extension-editing"},"activationEvent":"onLanguage:typescript"}
[2020-02-19 13:01:11.271] [exthost] [info] ExtensionService#loadCommonJSModule file:///private/var/folders/4z/rphym1rd4nv2xqsmj510pdzw0000gn/T/AppTranslocation/73A06CEE-B223-46E0-850B-940625334C5A/d/Visual Studio Code.app/Contents/Resources/app/extensions/extension-editing/dist/extension
[2020-02-19 15:20:09.060] [exthost] [info] ExtensionService#_doActivateExtension vscode.css-language-features {"startup":false,"extensionId":{"value":"vscode.css-language-features","_lower":"vscode.css-language-features"},"activationEvent":"onLanguage:css"}
[2020-02-19 15:20:09.061] [exthost] [info] ExtensionService#loadCommonJSModule file:///private/var/folders/4z/rphym1rd4nv2xqsmj510pdzw0000gn/T/AppTranslocation/73A06CEE-B223-46E0-850B-940625334C5A/d/Visual Studio Code.app/Contents/Resources/app/extensions/css-language-features/client/dist/cssMain
[2020-02-19 15:55:57.502] [exthost] [error] [vscode.typescript-language-features] provider FAILED
[2020-02-19 15:55:57.503] [exthost] [error] Error: <semantic> TypeScript Server Error (3.7.3)
Cannot read property 'length' of undefined
TypeError: Cannot read property 'length' of undefined
    at Object.find (tsserver.js:270:35)
    at getReferencedSymbolsForModuleIfDeclaredBySourceFile (tsserver.js:109880:78)
    at Object.getReferencedSymbolsForNode (tsserver.js:109858:40)
    at Object.getReferenceEntriesForNode (tsserver.js:109592:58)
    at getSemanticDocumentHighlights (tsserver.js:108282:57)
    at Object.getDocumentHighlights (tsserver.js:108270:20)
    at Object.getDocumentHighlights (tsserver.js:130873:42)
    at IOSession.Session.getDocumentHighlights (tsserver.js:140079:71)
    at Session.handlers.ts.createMapFromTemplate._a.<computed> (tsserver.js:139501:61)
    at tsserver.js:140929:88
    at IOSession.Session.executeWithRequestId (tsserver.js:140920:28)
    at IOSession.Session.executeCommand (tsserver.js:140929:33)
    at IOSession.Session.onMessage (tsserver.js:140952:35)
    at Interface.<anonymous> (tsserver.js:142267:27)
    at Interface.emit (events.js:200:13)
    at Interface._onLine (readline.js:314:10)
    at Interface._normalWrite (readline.js:459:12)
    at Socket.ondata (readline.js:170:10)
    at Socket.emit (events.js:200:13)
    at addChunk (_stream_readable.js:294:12)
    at readableAddChunk (_stream_readable.js:275:11)
    at Socket.Readable.push (_stream_readable.js:210:10)
    at Pipe.onStreamRead (internal/stream_base_commons.js:166:17)
	at Function.create (/private/var/folders/4z/rphym1rd4nv2xqsmj510pdzw0000gn/T/AppTranslocation/73A06CEE-B223-46E0-850B-940625334C5A/d/Visual Studio Code.app/Contents/Resources/app/extensions/typescript-language-features/dist/extension.js:1:47388)
	at h.dispatchResponse (/private/var/folders/4z/rphym1rd4nv2xqsmj510pdzw0000gn/T/AppTranslocation/73A06CEE-B223-46E0-850B-940625334C5A/d/Visual Studio Code.app/Contents/Resources/app/extensions/typescript-language-features/dist/extension.js:1:206557)
	at h.dispatchMessage (/private/var/folders/4z/rphym1rd4nv2xqsmj510pdzw0000gn/T/AppTranslocation/73A06CEE-B223-46E0-850B-940625334C5A/d/Visual Studio Code.app/Contents/Resources/app/extensions/typescript-language-features/dist/extension.js:1:205455)
	at /private/var/folders/4z/rphym1rd4nv2xqsmj510pdzw0000gn/T/AppTranslocation/73A06CEE-B223-46E0-850B-940625334C5A/d/Visual Studio Code.app/Contents/Resources/app/extensions/typescript-language-features/dist/extension.js:1:204931
	at l.fire (/private/var/folders/4z/rphym1rd4nv2xqsmj510pdzw0000gn/T/AppTranslocation/73A06CEE-B223-46E0-850B-940625334C5A/d/Visual Studio Code.app/Contents/Resources/app/out/vs/workbench/services/extensions/node/extensionHostProcess.js:46:893)
	at t.Reader.onLengthData (/private/var/folders/4z/rphym1rd4nv2xqsmj510pdzw0000gn/T/AppTranslocation/73A06CEE-B223-46E0-850B-940625334C5A/d/Visual Studio Code.app/Contents/Resources/app/extensions/typescript-language-features/dist/extension.js:1:212021)
	at Socket.<anonymous> (/private/var/folders/4z/rphym1rd4nv2xqsmj510pdzw0000gn/T/AppTranslocation/73A06CEE-B223-46E0-850B-940625334C5A/d/Visual Studio Code.app/Contents/Resources/app/extensions/typescript-language-features/dist/extension.js:1:211669)
	at Socket.emit (events.js:200:13)
	at addChunk (_stream_readable.js:294:12)
	at readableAddChunk (_stream_readable.js:275:11)
	at Socket.Readable.push (_stream_readable.js:210:10)
	at Pipe.onStreamRead (internal/stream_base_commons.js:166:17)
[2020-02-19 15:56:04.738] [exthost] [error] [vscode.typescript-language-features] provider FAILED
[2020-02-19 15:56:04.738] [exthost] [error] Error: <semantic> TypeScript Server Error (3.7.3)
Cannot read property 'length' of undefined
TypeError: Cannot read property 'length' of undefined
    at Object.find (tsserver.js:270:35)
    at getReferencedSymbolsForModuleIfDeclaredBySourceFile (tsserver.js:109880:78)
    at Object.getReferencedSymbolsForNode (tsserver.js:109858:40)
    at Object.getReferenceEntriesForNode (tsserver.js:109592:58)
    at getSemanticDocumentHighlights (tsserver.js:108282:57)
    at Object.getDocumentHighlights (tsserver.js:108270:20)
    at Object.getDocumentHighlights (tsserver.js:130873:42)
    at IOSession.Session.getDocumentHighlights (tsserver.js:140079:71)
    at Session.handlers.ts.createMapFromTemplate._a.<computed> (tsserver.js:139501:61)
    at tsserver.js:140929:88
    at IOSession.Session.executeWithRequestId (tsserver.js:140920:28)
    at IOSession.Session.executeCommand (tsserver.js:140929:33)
    at IOSession.Session.onMessage (tsserver.js:140952:35)
    at Interface.<anonymous> (tsserver.js:142267:27)
    at Interface.emit (events.js:200:13)
    at Interface._onLine (readline.js:314:10)
    at Interface._normalWrite (readline.js:459:12)
    at Socket.ondata (readline.js:170:10)
    at Socket.emit (events.js:200:13)
    at addChunk (_stream_readable.js:294:12)
    at readableAddChunk (_stream_readable.js:275:11)
    at Socket.Readable.push (_stream_readable.js:210:10)
    at Pipe.onStreamRead (internal/stream_base_commons.js:166:17)
	at Function.create (/private/var/folders/4z/rphym1rd4nv2xqsmj510pdzw0000gn/T/AppTranslocation/73A06CEE-B223-46E0-850B-940625334C5A/d/Visual Studio Code.app/Contents/Resources/app/extensions/typescript-language-features/dist/extension.js:1:47388)
	at h.dispatchResponse (/private/var/folders/4z/rphym1rd4nv2xqsmj510pdzw0000gn/T/AppTranslocation/73A06CEE-B223-46E0-850B-940625334C5A/d/Visual Studio Code.app/Contents/Resources/app/extensions/typescript-language-features/dist/extension.js:1:206557)
	at h.dispatchMessage (/private/var/folders/4z/rphym1rd4nv2xqsmj510pdzw0000gn/T/AppTranslocation/73A06CEE-B223-46E0-850B-940625334C5A/d/Visual Studio Code.app/Contents/Resources/app/extensions/typescript-language-features/dist/extension.js:1:205455)
	at /private/var/folders/4z/rphym1rd4nv2xqsmj510pdzw0000gn/T/AppTranslocation/73A06CEE-B223-46E0-850B-940625334C5A/d/Visual Studio Code.app/Contents/Resources/app/extensions/typescript-language-features/dist/extension.js:1:204931
	at l.fire (/private/var/folders/4z/rphym1rd4nv2xqsmj510pdzw0000gn/T/AppTranslocation/73A06CEE-B223-46E0-850B-940625334C5A/d/Visual Studio Code.app/Contents/Resources/app/out/vs/workbench/services/extensions/node/extensionHostProcess.js:46:893)
	at t.Reader.onLengthData (/private/var/folders/4z/rphym1rd4nv2xqsmj510pdzw0000gn/T/AppTranslocation/73A06CEE-B223-46E0-850B-940625334C5A/d/Visual Studio Code.app/Contents/Resources/app/extensions/typescript-language-features/dist/extension.js:1:212021)
	at Socket.<anonymous> (/private/var/folders/4z/rphym1rd4nv2xqsmj510pdzw0000gn/T/AppTranslocation/73A06CEE-B223-46E0-850B-940625334C5A/d/Visual Studio Code.app/Contents/Resources/app/extensions/typescript-language-features/dist/extension.js:1:211669)
	at Socket.emit (events.js:200:13)
	at addChunk (_stream_readable.js:294:12)
	at readableAddChunk (_stream_readable.js:275:11)
	at Socket.Readable.push (_stream_readable.js:210:10)
	at Pipe.onStreamRead (internal/stream_base_commons.js:166:17)
[2020-02-19 16:11:01.761] [exthost] [error] [vscode.typescript-language-features] provider FAILED
[2020-02-19 16:11:01.761] [exthost] [error] Error: <semantic> TypeScript Server Error (3.7.3)
Cannot read property 'length' of undefined
TypeError: Cannot read property 'length' of undefined
    at Object.find (tsserver.js:270:35)
    at getReferencedSymbolsForModuleIfDeclaredBySourceFile (tsserver.js:109880:78)
    at Object.getReferencedSymbolsForNode (tsserver.js:109858:40)
    at Object.getReferenceEntriesForNode (tsserver.js:109592:58)
    at getSemanticDocumentHighlights (tsserver.js:108282:57)
    at Object.getDocumentHighlights (tsserver.js:108270:20)
    at Object.getDocumentHighlights (tsserver.js:130873:42)
    at IOSession.Session.getDocumentHighlights (tsserver.js:140079:71)
    at Session.handlers.ts.createMapFromTemplate._a.<computed> (tsserver.js:139501:61)
    at tsserver.js:140929:88
    at IOSession.Session.executeWithRequestId (tsserver.js:140920:28)
    at IOSession.Session.executeCommand (tsserver.js:140929:33)
    at IOSession.Session.onMessage (tsserver.js:140952:35)
    at Interface.<anonymous> (tsserver.js:142267:27)
    at Interface.emit (events.js:200:13)
    at Interface._onLine (readline.js:314:10)
    at Interface._normalWrite (readline.js:459:12)
    at Socket.ondata (readline.js:170:10)
    at Socket.emit (events.js:200:13)
    at addChunk (_stream_readable.js:294:12)
    at readableAddChunk (_stream_readable.js:275:11)
    at Socket.Readable.push (_stream_readable.js:210:10)
    at Pipe.onStreamRead (internal/stream_base_commons.js:166:17)
	at Function.create (/private/var/folders/4z/rphym1rd4nv2xqsmj510pdzw0000gn/T/AppTranslocation/73A06CEE-B223-46E0-850B-940625334C5A/d/Visual Studio Code.app/Contents/Resources/app/extensions/typescript-language-features/dist/extension.js:1:47388)
	at h.dispatchResponse (/private/var/folders/4z/rphym1rd4nv2xqsmj510pdzw0000gn/T/AppTranslocation/73A06CEE-B223-46E0-850B-940625334C5A/d/Visual Studio Code.app/Contents/Resources/app/extensions/typescript-language-features/dist/extension.js:1:206557)
	at h.dispatchMessage (/private/var/folders/4z/rphym1rd4nv2xqsmj510pdzw0000gn/T/AppTranslocation/73A06CEE-B223-46E0-850B-940625334C5A/d/Visual Studio Code.app/Contents/Resources/app/extensions/typescript-language-features/dist/extension.js:1:205455)
	at /private/var/folders/4z/rphym1rd4nv2xqsmj510pdzw0000gn/T/AppTranslocation/73A06CEE-B223-46E0-850B-940625334C5A/d/Visual Studio Code.app/Contents/Resources/app/extensions/typescript-language-features/dist/extension.js:1:204931
	at l.fire (/private/var/folders/4z/rphym1rd4nv2xqsmj510pdzw0000gn/T/AppTranslocation/73A06CEE-B223-46E0-850B-940625334C5A/d/Visual Studio Code.app/Contents/Resources/app/out/vs/workbench/services/extensions/node/extensionHostProcess.js:46:893)
	at t.Reader.onLengthData (/private/var/folders/4z/rphym1rd4nv2xqsmj510pdzw0000gn/T/AppTranslocation/73A06CEE-B223-46E0-850B-940625334C5A/d/Visual Studio Code.app/Contents/Resources/app/extensions/typescript-language-features/dist/extension.js:1:212021)
	at Socket.<anonymous> (/private/var/folders/4z/rphym1rd4nv2xqsmj510pdzw0000gn/T/AppTranslocation/73A06CEE-B223-46E0-850B-940625334C5A/d/Visual Studio Code.app/Contents/Resources/app/extensions/typescript-language-features/dist/extension.js:1:211669)
	at Socket.emit (events.js:200:13)
	at addChunk (_stream_readable.js:294:12)
	at readableAddChunk (_stream_readable.js:275:11)
	at Socket.Readable.push (_stream_readable.js:210:10)
	at Pipe.onStreamRead (internal/stream_base_commons.js:166:17)
