[2020-02-19 15:55:57.504] [renderer1] [error] <semantic> TypeScript Server Error (3.7.3)
Cannot read property 'length' of undefined
TypeError: Cannot read property 'length' of undefined
    at Object.find (tsserver.js:270:35)
    at getReferencedSymbolsForModuleIfDeclaredBySourceFile (tsserver.js:109880:78)
    at Object.getReferencedSymbolsForNode (tsserver.js:109858:40)
    at Object.getReferenceEntriesForNode (tsserver.js:109592:58)
    at getSemanticDocumentHighlights (tsserver.js:108282:57)
    at Object.getDocumentHighlights (tsserver.js:108270:20)
    at Object.getDocumentHighlights (tsserver.js:130873:42)
    at IOSession.Session.getDocumentHighlights (tsserver.js:140079:71)
    at Session.handlers.ts.createMapFromTemplate._a.<computed> (tsserver.js:139501:61)
    at tsserver.js:140929:88
    at IOSession.Session.executeWithRequestId (tsserver.js:140920:28)
    at IOSession.Session.executeCommand (tsserver.js:140929:33)
    at IOSession.Session.onMessage (tsserver.js:140952:35)
    at Interface.<anonymous> (tsserver.js:142267:27)
    at Interface.emit (events.js:200:13)
    at Interface._onLine (readline.js:314:10)
    at Interface._normalWrite (readline.js:459:12)
    at Socket.ondata (readline.js:170:10)
    at Socket.emit (events.js:200:13)
    at addChunk (_stream_readable.js:294:12)
    at readableAddChunk (_stream_readable.js:275:11)
    at Socket.Readable.push (_stream_readable.js:210:10)
    at Pipe.onStreamRead (internal/stream_base_commons.js:166:17): Error: <semantic> TypeScript Server Error (3.7.3)
Cannot read property 'length' of undefined
TypeError: Cannot read property 'length' of undefined
    at Object.find (tsserver.js:270:35)
    at getReferencedSymbolsForModuleIfDeclaredBySourceFile (tsserver.js:109880:78)
    at Object.getReferencedSymbolsForNode (tsserver.js:109858:40)
    at Object.getReferenceEntriesForNode (tsserver.js:109592:58)
    at getSemanticDocumentHighlights (tsserver.js:108282:57)
    at Object.getDocumentHighlights (tsserver.js:108270:20)
    at Object.getDocumentHighlights (tsserver.js:130873:42)
    at IOSession.Session.getDocumentHighlights (tsserver.js:140079:71)
    at Session.handlers.ts.createMapFromTemplate._a.<computed> (tsserver.js:139501:61)
    at tsserver.js:140929:88
    at IOSession.Session.executeWithRequestId (tsserver.js:140920:28)
    at IOSession.Session.executeCommand (tsserver.js:140929:33)
    at IOSession.Session.onMessage (tsserver.js:140952:35)
    at Interface.<anonymous> (tsserver.js:142267:27)
    at Interface.emit (events.js:200:13)
    at Interface._onLine (readline.js:314:10)
    at Interface._normalWrite (readline.js:459:12)
    at Socket.ondata (readline.js:170:10)
    at Socket.emit (events.js:200:13)
    at addChunk (_stream_readable.js:294:12)
    at readableAddChunk (_stream_readable.js:275:11)
    at Socket.Readable.push (_stream_readable.js:210:10)
    at Pipe.onStreamRead (internal/stream_base_commons.js:166:17)
	at Function.create (/private/var/folders/4z/rphym1rd4nv2xqsmj510pdzw0000gn/T/AppTranslocation/73A06CEE-B223-46E0-850B-940625334C5A/d/Visual Studio Code.app/Contents/Resources/app/extensions/typescript-language-features/dist/extension.js:1:47388)
	at h.dispatchResponse (/private/var/folders/4z/rphym1rd4nv2xqsmj510pdzw0000gn/T/AppTranslocation/73A06CEE-B223-46E0-850B-940625334C5A/d/Visual Studio Code.app/Contents/Resources/app/extensions/typescript-language-features/dist/extension.js:1:206557)
	at h.dispatchMessage (/private/var/folders/4z/rphym1rd4nv2xqsmj510pdzw0000gn/T/AppTranslocation/73A06CEE-B223-46E0-850B-940625334C5A/d/Visual Studio Code.app/Contents/Resources/app/extensions/typescript-language-features/dist/extension.js:1:205455)
	at /private/var/folders/4z/rphym1rd4nv2xqsmj510pdzw0000gn/T/AppTranslocation/73A06CEE-B223-46E0-850B-940625334C5A/d/Visual Studio Code.app/Contents/Resources/app/extensions/typescript-language-features/dist/extension.js:1:204931
	at l.fire (/private/var/folders/4z/rphym1rd4nv2xqsmj510pdzw0000gn/T/AppTranslocation/73A06CEE-B223-46E0-850B-940625334C5A/d/Visual Studio Code.app/Contents/Resources/app/out/vs/workbench/services/extensions/node/extensionHostProcess.js:46:893)
	at t.Reader.onLengthData (/private/var/folders/4z/rphym1rd4nv2xqsmj510pdzw0000gn/T/AppTranslocation/73A06CEE-B223-46E0-850B-940625334C5A/d/Visual Studio Code.app/Contents/Resources/app/extensions/typescript-language-features/dist/extension.js:1:212021)
	at Socket.<anonymous> (/private/var/folders/4z/rphym1rd4nv2xqsmj510pdzw0000gn/T/AppTranslocation/73A06CEE-B223-46E0-850B-940625334C5A/d/Visual Studio Code.app/Contents/Resources/app/extensions/typescript-language-features/dist/extension.js:1:211669)
	at Socket.emit (events.js:200:13)
	at addChunk (_stream_readable.js:294:12)
	at readableAddChunk (_stream_readable.js:275:11)
	at Socket.Readable.push (_stream_readable.js:210:10)
	at Pipe.onStreamRead (internal/stream_base_commons.js:166:17)
[2020-02-19 15:56:04.739] [renderer1] [error] <semantic> TypeScript Server Error (3.7.3)
Cannot read property 'length' of undefined
TypeError: Cannot read property 'length' of undefined
    at Object.find (tsserver.js:270:35)
    at getReferencedSymbolsForModuleIfDeclaredBySourceFile (tsserver.js:109880:78)
    at Object.getReferencedSymbolsForNode (tsserver.js:109858:40)
    at Object.getReferenceEntriesForNode (tsserver.js:109592:58)
    at getSemanticDocumentHighlights (tsserver.js:108282:57)
    at Object.getDocumentHighlights (tsserver.js:108270:20)
    at Object.getDocumentHighlights (tsserver.js:130873:42)
    at IOSession.Session.getDocumentHighlights (tsserver.js:140079:71)
    at Session.handlers.ts.createMapFromTemplate._a.<computed> (tsserver.js:139501:61)
    at tsserver.js:140929:88
    at IOSession.Session.executeWithRequestId (tsserver.js:140920:28)
    at IOSession.Session.executeCommand (tsserver.js:140929:33)
    at IOSession.Session.onMessage (tsserver.js:140952:35)
    at Interface.<anonymous> (tsserver.js:142267:27)
    at Interface.emit (events.js:200:13)
    at Interface._onLine (readline.js:314:10)
    at Interface._normalWrite (readline.js:459:12)
    at Socket.ondata (readline.js:170:10)
    at Socket.emit (events.js:200:13)
    at addChunk (_stream_readable.js:294:12)
    at readableAddChunk (_stream_readable.js:275:11)
    at Socket.Readable.push (_stream_readable.js:210:10)
    at Pipe.onStreamRead (internal/stream_base_commons.js:166:17): Error: <semantic> TypeScript Server Error (3.7.3)
Cannot read property 'length' of undefined
TypeError: Cannot read property 'length' of undefined
    at Object.find (tsserver.js:270:35)
    at getReferencedSymbolsForModuleIfDeclaredBySourceFile (tsserver.js:109880:78)
    at Object.getReferencedSymbolsForNode (tsserver.js:109858:40)
    at Object.getReferenceEntriesForNode (tsserver.js:109592:58)
    at getSemanticDocumentHighlights (tsserver.js:108282:57)
    at Object.getDocumentHighlights (tsserver.js:108270:20)
    at Object.getDocumentHighlights (tsserver.js:130873:42)
    at IOSession.Session.getDocumentHighlights (tsserver.js:140079:71)
    at Session.handlers.ts.createMapFromTemplate._a.<computed> (tsserver.js:139501:61)
    at tsserver.js:140929:88
    at IOSession.Session.executeWithRequestId (tsserver.js:140920:28)
    at IOSession.Session.executeCommand (tsserver.js:140929:33)
    at IOSession.Session.onMessage (tsserver.js:140952:35)
    at Interface.<anonymous> (tsserver.js:142267:27)
    at Interface.emit (events.js:200:13)
    at Interface._onLine (readline.js:314:10)
    at Interface._normalWrite (readline.js:459:12)
    at Socket.ondata (readline.js:170:10)
    at Socket.emit (events.js:200:13)
    at addChunk (_stream_readable.js:294:12)
    at readableAddChunk (_stream_readable.js:275:11)
    at Socket.Readable.push (_stream_readable.js:210:10)
    at Pipe.onStreamRead (internal/stream_base_commons.js:166:17)
	at Function.create (/private/var/folders/4z/rphym1rd4nv2xqsmj510pdzw0000gn/T/AppTranslocation/73A06CEE-B223-46E0-850B-940625334C5A/d/Visual Studio Code.app/Contents/Resources/app/extensions/typescript-language-features/dist/extension.js:1:47388)
	at h.dispatchResponse (/private/var/folders/4z/rphym1rd4nv2xqsmj510pdzw0000gn/T/AppTranslocation/73A06CEE-B223-46E0-850B-940625334C5A/d/Visual Studio Code.app/Contents/Resources/app/extensions/typescript-language-features/dist/extension.js:1:206557)
	at h.dispatchMessage (/private/var/folders/4z/rphym1rd4nv2xqsmj510pdzw0000gn/T/AppTranslocation/73A06CEE-B223-46E0-850B-940625334C5A/d/Visual Studio Code.app/Contents/Resources/app/extensions/typescript-language-features/dist/extension.js:1:205455)
	at /private/var/folders/4z/rphym1rd4nv2xqsmj510pdzw0000gn/T/AppTranslocation/73A06CEE-B223-46E0-850B-940625334C5A/d/Visual Studio Code.app/Contents/Resources/app/extensions/typescript-language-features/dist/extension.js:1:204931
	at l.fire (/private/var/folders/4z/rphym1rd4nv2xqsmj510pdzw0000gn/T/AppTranslocation/73A06CEE-B223-46E0-850B-940625334C5A/d/Visual Studio Code.app/Contents/Resources/app/out/vs/workbench/services/extensions/node/extensionHostProcess.js:46:893)
	at t.Reader.onLengthData (/private/var/folders/4z/rphym1rd4nv2xqsmj510pdzw0000gn/T/AppTranslocation/73A06CEE-B223-46E0-850B-940625334C5A/d/Visual Studio Code.app/Contents/Resources/app/extensions/typescript-language-features/dist/extension.js:1:212021)
	at Socket.<anonymous> (/private/var/folders/4z/rphym1rd4nv2xqsmj510pdzw0000gn/T/AppTranslocation/73A06CEE-B223-46E0-850B-940625334C5A/d/Visual Studio Code.app/Contents/Resources/app/extensions/typescript-language-features/dist/extension.js:1:211669)
	at Socket.emit (events.js:200:13)
	at addChunk (_stream_readable.js:294:12)
	at readableAddChunk (_stream_readable.js:275:11)
	at Socket.Readable.push (_stream_readable.js:210:10)
	at Pipe.onStreamRead (internal/stream_base_commons.js:166:17)
[2020-02-19 16:11:01.763] [renderer1] [error] <semantic> TypeScript Server Error (3.7.3)
Cannot read property 'length' of undefined
TypeError: Cannot read property 'length' of undefined
    at Object.find (tsserver.js:270:35)
    at getReferencedSymbolsForModuleIfDeclaredBySourceFile (tsserver.js:109880:78)
    at Object.getReferencedSymbolsForNode (tsserver.js:109858:40)
    at Object.getReferenceEntriesForNode (tsserver.js:109592:58)
    at getSemanticDocumentHighlights (tsserver.js:108282:57)
    at Object.getDocumentHighlights (tsserver.js:108270:20)
    at Object.getDocumentHighlights (tsserver.js:130873:42)
    at IOSession.Session.getDocumentHighlights (tsserver.js:140079:71)
    at Session.handlers.ts.createMapFromTemplate._a.<computed> (tsserver.js:139501:61)
    at tsserver.js:140929:88
    at IOSession.Session.executeWithRequestId (tsserver.js:140920:28)
    at IOSession.Session.executeCommand (tsserver.js:140929:33)
    at IOSession.Session.onMessage (tsserver.js:140952:35)
    at Interface.<anonymous> (tsserver.js:142267:27)
    at Interface.emit (events.js:200:13)
    at Interface._onLine (readline.js:314:10)
    at Interface._normalWrite (readline.js:459:12)
    at Socket.ondata (readline.js:170:10)
    at Socket.emit (events.js:200:13)
    at addChunk (_stream_readable.js:294:12)
    at readableAddChunk (_stream_readable.js:275:11)
    at Socket.Readable.push (_stream_readable.js:210:10)
    at Pipe.onStreamRead (internal/stream_base_commons.js:166:17): Error: <semantic> TypeScript Server Error (3.7.3)
Cannot read property 'length' of undefined
TypeError: Cannot read property 'length' of undefined
    at Object.find (tsserver.js:270:35)
    at getReferencedSymbolsForModuleIfDeclaredBySourceFile (tsserver.js:109880:78)
    at Object.getReferencedSymbolsForNode (tsserver.js:109858:40)
    at Object.getReferenceEntriesForNode (tsserver.js:109592:58)
    at getSemanticDocumentHighlights (tsserver.js:108282:57)
    at Object.getDocumentHighlights (tsserver.js:108270:20)
    at Object.getDocumentHighlights (tsserver.js:130873:42)
    at IOSession.Session.getDocumentHighlights (tsserver.js:140079:71)
    at Session.handlers.ts.createMapFromTemplate._a.<computed> (tsserver.js:139501:61)
    at tsserver.js:140929:88
    at IOSession.Session.executeWithRequestId (tsserver.js:140920:28)
    at IOSession.Session.executeCommand (tsserver.js:140929:33)
    at IOSession.Session.onMessage (tsserver.js:140952:35)
    at Interface.<anonymous> (tsserver.js:142267:27)
    at Interface.emit (events.js:200:13)
    at Interface._onLine (readline.js:314:10)
    at Interface._normalWrite (readline.js:459:12)
    at Socket.ondata (readline.js:170:10)
    at Socket.emit (events.js:200:13)
    at addChunk (_stream_readable.js:294:12)
    at readableAddChunk (_stream_readable.js:275:11)
    at Socket.Readable.push (_stream_readable.js:210:10)
    at Pipe.onStreamRead (internal/stream_base_commons.js:166:17)
	at Function.create (/private/var/folders/4z/rphym1rd4nv2xqsmj510pdzw0000gn/T/AppTranslocation/73A06CEE-B223-46E0-850B-940625334C5A/d/Visual Studio Code.app/Contents/Resources/app/extensions/typescript-language-features/dist/extension.js:1:47388)
	at h.dispatchResponse (/private/var/folders/4z/rphym1rd4nv2xqsmj510pdzw0000gn/T/AppTranslocation/73A06CEE-B223-46E0-850B-940625334C5A/d/Visual Studio Code.app/Contents/Resources/app/extensions/typescript-language-features/dist/extension.js:1:206557)
	at h.dispatchMessage (/private/var/folders/4z/rphym1rd4nv2xqsmj510pdzw0000gn/T/AppTranslocation/73A06CEE-B223-46E0-850B-940625334C5A/d/Visual Studio Code.app/Contents/Resources/app/extensions/typescript-language-features/dist/extension.js:1:205455)
	at /private/var/folders/4z/rphym1rd4nv2xqsmj510pdzw0000gn/T/AppTranslocation/73A06CEE-B223-46E0-850B-940625334C5A/d/Visual Studio Code.app/Contents/Resources/app/extensions/typescript-language-features/dist/extension.js:1:204931
	at l.fire (/private/var/folders/4z/rphym1rd4nv2xqsmj510pdzw0000gn/T/AppTranslocation/73A06CEE-B223-46E0-850B-940625334C5A/d/Visual Studio Code.app/Contents/Resources/app/out/vs/workbench/services/extensions/node/extensionHostProcess.js:46:893)
	at t.Reader.onLengthData (/private/var/folders/4z/rphym1rd4nv2xqsmj510pdzw0000gn/T/AppTranslocation/73A06CEE-B223-46E0-850B-940625334C5A/d/Visual Studio Code.app/Contents/Resources/app/extensions/typescript-language-features/dist/extension.js:1:212021)
	at Socket.<anonymous> (/private/var/folders/4z/rphym1rd4nv2xqsmj510pdzw0000gn/T/AppTranslocation/73A06CEE-B223-46E0-850B-940625334C5A/d/Visual Studio Code.app/Contents/Resources/app/extensions/typescript-language-features/dist/extension.js:1:211669)
	at Socket.emit (events.js:200:13)
	at addChunk (_stream_readable.js:294:12)
	at readableAddChunk (_stream_readable.js:275:11)
	at Socket.Readable.push (_stream_readable.js:210:10)
	at Pipe.onStreamRead (internal/stream_base_commons.js:166:17)
